*** BCVTB client log file.
*************************.
Writing to socket at time = 8.640000e+04
Assembling buffer.
Write to socket with fd = 17
Buffer        = 2 0 32 0 0 8.640000000000000e+04 2.877696952013597e+05 2.400000000000000e+01 5.000000000000000e+00 9.050065376998669e+00 9.050065376998669e+00 8.009118767241786e+01 2.527586062449795e+01 2.654240283150811e+01 2.669831109374084e+01 2.727240231445021e+01 2.592470782655596e+01 2.595112990498527e+01 2.664200279570366e+01 2.643641934257780e+01 2.646354722039330e+01 2.683312410024852e+01 2.676733362016464e+01 2.643403953583173e+01 2.658782196796005e+01 2.697894136027671e+01 2.715598581776613e+01 2.697370531731193e+01 2.698627730164627e+01 2.737396016167561e+01 2.679832645315419e+01 2.560000000000000e+01 2.389654680400148e+01 3.600000000000000e+00 2.400000000000000e+02 8.700000000000000e+01 1.560000000000000e+01 8.220000000000000e+01 

Wrote 738 characters to socket.
Reading from socket.
In readbufferfromsocket: Read 4 chars, maximum is 142.
Error while disassembling the header of the buffer.
Disassembled buffer.
Finished exchanging data with socket: simTimRea=8.610000e+04, flag=1.
Assembling buffer.
Write to socket with fd = 17
Buffer        = 2 -20 

Error writing to socket: Return value = -1.
Error writing to socket: Broken pipe
sendclientmessage wrote flag -20, return value = -1.
Assembling buffer.
Write to socket with fd = 17
Buffer        = 2 -1 

Error writing to socket: Return value = -1.
Error writing to socket: Broken pipe
sendclientmessage wrote flag -1, return value = -1.
